d:\projects\cpp\bugfixedhl\source_sdk\vgui2\controls\debug\vgui2_controls.pdb
d:\projects\cpp\bugfixedhl\source_sdk\vgui2\controls\debug\vgui2_controls.idb
d:\projects\cpp\bugfixedhl\source_sdk\vgui2\controls\debug\expandbutton.obj
d:\projects\cpp\bugfixedhl\source_sdk\vgui2\controls\debug\editablepanel.obj
d:\projects\cpp\bugfixedhl\source_sdk\vgui2\controls\debug\divider.obj
d:\projects\cpp\bugfixedhl\source_sdk\vgui2\controls\debug\directoryselectdialog.obj
d:\projects\cpp\bugfixedhl\source_sdk\vgui2\controls\debug\controls.obj
d:\projects\cpp\bugfixedhl\source_sdk\vgui2\controls\debug\checkbuttonlist.obj
d:\projects\cpp\bugfixedhl\source_sdk\vgui2\controls\debug\checkbutton.obj
d:\projects\cpp\bugfixedhl\source_sdk\vgui2\controls\debug\button.obj
d:\projects\cpp\bugfixedhl\source_sdk\vgui2\controls\debug\buildmodedialog.obj
d:\projects\cpp\bugfixedhl\source_sdk\vgui2\controls\debug\buildfactoryhelper.obj
d:\projects\cpp\bugfixedhl\source_sdk\vgui2\controls\debug\animationcontroller.obj
d:\projects\cpp\bugfixedhl\source_sdk\vgui2\controls\debug\animatingimagepanel.obj
d:\projects\cpp\bugfixedhl\source_sdk\vgui2\controls\debug\vgui_key_translation.obj
d:\projects\cpp\bugfixedhl\source_sdk\vgui2\controls\debug\vgui_controls.obj
d:\projects\cpp\bugfixedhl\source_sdk\vgui2\controls\debug\memoverride.obj
d:\projects\cpp\bugfixedhl\source_sdk\vgui2\controls\debug\filesystem_helpers.obj
d:\projects\cpp\bugfixedhl\source_sdk\vgui2\controls\debug\randoverride.obj
d:\projects\cpp\bugfixedhl\source_sdk\vgui2\controls\debug\panel.obj
d:\projects\cpp\bugfixedhl\source_sdk\vgui2\controls\debug\menubutton.obj
d:\projects\cpp\bugfixedhl\source_sdk\vgui2\controls\debug\menubar.obj
d:\projects\cpp\bugfixedhl\source_sdk\vgui2\controls\debug\listviewpanel.obj
d:\projects\cpp\bugfixedhl\source_sdk\vgui2\controls\debug\listpanel.obj
d:\projects\cpp\bugfixedhl\source_sdk\vgui2\controls\debug\keyboardeditordialog.obj
d:\projects\cpp\bugfixedhl\source_sdk\vgui2\controls\debug\keybindinghelpdialog.obj
d:\projects\cpp\bugfixedhl\source_sdk\vgui2\controls\debug\inputdialog.obj
d:\projects\cpp\bugfixedhl\source_sdk\vgui2\controls\debug\imagepanel.obj
d:\projects\cpp\bugfixedhl\source_sdk\vgui2\controls\debug\imagelist.obj
d:\projects\cpp\bugfixedhl\source_sdk\vgui2\controls\debug\image.obj
d:\projects\cpp\bugfixedhl\source_sdk\vgui2\controls\debug\graphpanel.obj
d:\projects\cpp\bugfixedhl\source_sdk\vgui2\controls\debug\focusnavgroup.obj
d:\projects\cpp\bugfixedhl\source_sdk\vgui2\controls\debug\fileopendialog.obj
d:\projects\cpp\bugfixedhl\source_sdk\vgui2\controls\debug\treeview.obj
d:\projects\cpp\bugfixedhl\source_sdk\vgui2\controls\debug\toolwindow.obj
d:\projects\cpp\bugfixedhl\source_sdk\vgui2\controls\debug\tooltip.obj
d:\projects\cpp\bugfixedhl\source_sdk\vgui2\controls\debug\togglebutton.obj
d:\projects\cpp\bugfixedhl\source_sdk\vgui2\controls\debug\textimage.obj
d:\projects\cpp\bugfixedhl\source_sdk\vgui2\controls\debug\textentry.obj
d:\projects\cpp\bugfixedhl\source_sdk\vgui2\controls\debug\splitter.obj
d:\projects\cpp\bugfixedhl\source_sdk\vgui2\controls\debug\slider.obj
d:\projects\cpp\bugfixedhl\source_sdk\vgui2\controls\debug\sectionedlistpanel.obj
d:\projects\cpp\bugfixedhl\source_sdk\vgui2\controls\debug\scrollbarslider.obj
d:\projects\cpp\bugfixedhl\source_sdk\vgui2\controls\debug\scrollbar.obj
d:\projects\cpp\bugfixedhl\source_sdk\vgui2\controls\debug\richtext.obj
d:\projects\cpp\bugfixedhl\source_sdk\vgui2\controls\debug\radiobutton.obj
d:\projects\cpp\bugfixedhl\source_sdk\vgui2\controls\debug\propertypage.obj
d:\projects\cpp\bugfixedhl\source_sdk\vgui2\controls\debug\propertydialog.obj
d:\projects\cpp\bugfixedhl\source_sdk\vgui2\controls\debug\progressbox.obj
d:\projects\cpp\bugfixedhl\source_sdk\vgui2\controls\debug\progressbar.obj
d:\projects\cpp\bugfixedhl\source_sdk\vgui2\controls\debug\panellistpanel.obj
d:\projects\cpp\bugfixedhl\source_sdk\vgui2\controls\debug\wizardsubpanel.obj
d:\projects\cpp\bugfixedhl\source_sdk\vgui2\controls\debug\wizardpanel.obj
d:\projects\cpp\bugfixedhl\source_sdk\vgui2\controls\debug\urllabel.obj
d:\projects\cpp\bugfixedhl\source_sdk\vgui2\controls\debug\messagebox.obj
d:\projects\cpp\bugfixedhl\source_sdk\vgui2\controls\debug\menuitem.obj
d:\projects\cpp\bugfixedhl\source_sdk\vgui2\controls\debug\menu.obj
d:\projects\cpp\bugfixedhl\source_sdk\vgui2\controls\debug\label.obj
d:\projects\cpp\bugfixedhl\source_sdk\vgui2\controls\debug\html.obj
d:\projects\cpp\bugfixedhl\source_sdk\vgui2\controls\debug\frame.obj
d:\projects\cpp\bugfixedhl\source_sdk\vgui2\controls\debug\combobox.obj
d:\projects\cpp\bugfixedhl\source_sdk\vgui2\controls\debug\buildgroup.obj
d:\projects\cpp\bugfixedhl\source_sdk\vgui2\controls\debug\bitmapimagepanel.obj
d:\projects\cpp\bugfixedhl\source_sdk\vgui2\controls\debug\treeviewlistcontrol.obj
d:\projects\cpp\bugfixedhl\source_sdk\vgui2\controls\debug\querybox.obj
d:\projects\cpp\bugfixedhl\source_sdk\vgui2\controls\debug\propertysheet.obj
d:\projects\cpp\bugfixedhl\source_sdk\vgui2\controls\debug\vgui2_controls.lib
d:\projects\cpp\bugfixedhl\source_sdk\vgui2\controls\debug\vgui2_controls.tlog\cl.command.1.tlog
d:\projects\cpp\bugfixedhl\source_sdk\vgui2\controls\debug\vgui2_controls.tlog\cl.read.1.tlog
d:\projects\cpp\bugfixedhl\source_sdk\vgui2\controls\debug\vgui2_controls.tlog\cl.write.1.tlog
d:\projects\cpp\bugfixedhl\source_sdk\vgui2\controls\debug\vgui2_controls.tlog\lib-link.read.1.tlog
d:\projects\cpp\bugfixedhl\source_sdk\vgui2\controls\debug\vgui2_controls.tlog\lib-link.write.1.tlog
d:\projects\cpp\bugfixedhl\source_sdk\vgui2\controls\debug\vgui2_controls.tlog\lib.command.1.tlog
