  randoverride.cpp
  FileSystem_Helpers.cpp
  memoverride.cpp
  vgui_controls.cpp
  vgui_key_translation.cpp
  AnimatingImagePanel.cpp
  AnimationController.cpp
  BitmapImagePanel.cpp
  BuildFactoryHelper.cpp
  BuildGroup.cpp
  BuildModeDialog.cpp
  Button.cpp
  CheckButton.cpp
  CheckButtonList.cpp
  ComboBox.cpp
  Controls.cpp
  DirectorySelectDialog.cpp
  Divider.cpp
  EditablePanel.cpp
  ExpandButton.cpp
  Generating Code...
  Compiling...
  FileOpenDialog.cpp
  FocusNavGroup.cpp
  Frame.cpp
  GraphPanel.cpp
  HTML.cpp
  Image.cpp
  ImageList.cpp
  ImagePanel.cpp
  InputDialog.cpp
  KeyBindingHelpDialog.cpp
  KeyBoardEditorDialog.cpp
  Label.cpp
  ListPanel.cpp
  ListViewPanel.cpp
  Menu.cpp
  MenuBar.cpp
  MenuButton.cpp
  MenuItem.cpp
  MessageBox.cpp
  Panel.cpp
  Generating Code...
  Compiling...
  PanelListPanel.cpp
  ProgressBar.cpp
  ProgressBox.cpp
  PropertyDialog.cpp
  PropertyPage.cpp
  PropertySheet.cpp
  QueryBox.cpp
  RadioButton.cpp
  RichText.cpp
  ScrollBar.cpp
  ScrollBarSlider.cpp
  SectionedListPanel.cpp
  Slider.cpp
  Splitter.cpp
  TextEntry.cpp
  TextImage.cpp
  ToggleButton.cpp
  Tooltip.cpp
  ToolWindow.cpp
  TreeView.cpp
  Generating Code...
  Compiling...
  TreeViewListControl.cpp
  URLLabel.cpp
  WizardPanel.cpp
  WizardSubPanel.cpp
  Generating Code...
  vgui2_controls.vcxproj -> D:\Projects\Cpp\BugfixedHL\source_sdk\vgui2\controls\Debug\vgui2_controls.lib
