d:\projects\cpp\bugfixedhl\source_sdk\tier1\debug\tier1.pdb
d:\projects\cpp\bugfixedhl\source_sdk\tier1\debug\tier1.idb
d:\projects\cpp\bugfixedhl\source_sdk\tier1\debug\rangecheckedvar.obj
d:\projects\cpp\bugfixedhl\source_sdk\tier1\debug\processor_detect.obj
d:\projects\cpp\bugfixedhl\source_sdk\tier1\debug\netadr.obj
d:\projects\cpp\bugfixedhl\source_sdk\tier1\debug\memstack.obj
d:\projects\cpp\bugfixedhl\source_sdk\tier1\debug\mempool.obj
d:\projects\cpp\bugfixedhl\source_sdk\tier1\debug\jobthread.obj
d:\projects\cpp\bugfixedhl\source_sdk\tier1\debug\generichash.obj
d:\projects\cpp\bugfixedhl\source_sdk\tier1\debug\diff.obj
d:\projects\cpp\bugfixedhl\source_sdk\tier1\debug\datamanager.obj
d:\projects\cpp\bugfixedhl\source_sdk\tier1\debug\convar.obj
d:\projects\cpp\bugfixedhl\source_sdk\tier1\debug\checksum_md5.obj
d:\projects\cpp\bugfixedhl\source_sdk\tier1\debug\checksum_crc.obj
d:\projects\cpp\bugfixedhl\source_sdk\tier1\debug\characterset.obj
d:\projects\cpp\bugfixedhl\source_sdk\tier1\debug\byteswap.obj
d:\projects\cpp\bugfixedhl\source_sdk\tier1\debug\bitbuf.obj
d:\projects\cpp\bugfixedhl\source_sdk\tier1\debug\vgui_controls.obj
d:\projects\cpp\bugfixedhl\source_sdk\tier1\debug\memoverride.obj
d:\projects\cpp\bugfixedhl\source_sdk\tier1\debug\filesystem_helpers.obj
d:\projects\cpp\bugfixedhl\source_sdk\tier1\debug\randoverride.obj
d:\projects\cpp\bugfixedhl\source_sdk\tier1\debug\xboxstubs.obj
d:\projects\cpp\bugfixedhl\source_sdk\tier1\debug\utlstring.obj
d:\projects\cpp\bugfixedhl\source_sdk\tier1\debug\utlbuffer.obj
d:\projects\cpp\bugfixedhl\source_sdk\tier1\debug\tokenreader.obj
d:\projects\cpp\bugfixedhl\source_sdk\tier1\debug\tier1.obj
d:\projects\cpp\bugfixedhl\source_sdk\tier1\debug\stringpool.obj
d:\projects\cpp\bugfixedhl\source_sdk\tier1\debug\utlsymbol.obj
d:\projects\cpp\bugfixedhl\source_sdk\tier1\debug\strtools.obj
d:\projects\cpp\bugfixedhl\source_sdk\tier1\debug\keyvalues.obj
d:\projects\cpp\bugfixedhl\source_sdk\tier1\debug\tier1.lib
d:\projects\cpp\bugfixedhl\source_sdk\tier1\debug\tier1.tlog\cl.command.1.tlog
d:\projects\cpp\bugfixedhl\source_sdk\tier1\debug\tier1.tlog\cl.read.1.tlog
d:\projects\cpp\bugfixedhl\source_sdk\tier1\debug\tier1.tlog\cl.write.1.tlog
d:\projects\cpp\bugfixedhl\source_sdk\tier1\debug\tier1.tlog\lib-link.read.1.tlog
d:\projects\cpp\bugfixedhl\source_sdk\tier1\debug\tier1.tlog\lib-link.write.1.tlog
d:\projects\cpp\bugfixedhl\source_sdk\tier1\debug\tier1.tlog\lib.command.1.tlog
