  randoverride.cpp
  FileSystem_Helpers.cpp
  memoverride.cpp
  vgui_controls.cpp
  bitbuf.cpp
  byteswap.cpp
  CharacterSet.cpp
  checksum_crc.cpp
  checksum_md5.cpp
  ConVar.cpp
  DataManager.cpp
  Diff.cpp
  generichash.cpp
  JobThread.cpp
  KeyValues.cpp
  MemPool.cpp
  MemStack.cpp
  netadr.cpp
  processor_detect.cpp
  RangeCheckedVar.cpp
  Generating Code...
  Compiling...
  StringPool.cpp
  strtools.cpp
  tier1.cpp
  TokenReader.cpp
  UtlBuffer.cpp
  UtlString.cpp
  UtlSymbol.cpp
  xboxstubs.cpp
  Generating Code...
  tier1.vcxproj -> D:\Projects\Cpp\BugfixedHL\source_sdk\tier1\Debug\tier1.lib
